2025-04-08 17:11:18.130 [info] [main] Log level: Info
2025-04-08 17:11:18.130 [info] [main] Validating found git in: "git"
2025-04-08 17:11:18.130 [info] [main] Using git "2.34.1" from "git"
2025-04-08 17:11:18.130 [info] [Model][doInitialScan] Initial repository scan started
2025-04-08 17:11:18.130 [info] > git rev-parse --show-toplevel [4ms]
2025-04-08 17:11:18.130 [info] fatal: not a git repository (or any of the parent directories): .git
2025-04-08 17:11:18.137 [info] > git rev-parse --show-toplevel [2ms]
2025-04-08 17:11:18.137 [info] fatal: not a git repository (or any of the parent directories): .git
2025-04-08 17:11:18.142 [info] > git rev-parse --show-toplevel [2ms]
2025-04-08 17:11:18.142 [info] fatal: not a git repository (or any of the parent directories): .git
2025-04-08 17:11:18.147 [info] > git rev-parse --show-toplevel [2ms]
2025-04-08 17:11:18.147 [info] fatal: not a git repository (or any of the parent directories): .git
2025-04-08 17:11:18.153 [info] > git rev-parse --show-toplevel [1ms]
2025-04-08 17:11:18.153 [info] fatal: not a git repository (or any of the parent directories): .git
2025-04-08 17:11:18.157 [info] > git rev-parse --show-toplevel [2ms]
2025-04-08 17:11:18.157 [info] fatal: not a git repository (or any of the parent directories): .git
2025-04-08 17:11:18.163 [info] > git rev-parse --show-toplevel [2ms]
2025-04-08 17:11:18.169 [info] > git rev-parse --git-dir --git-common-dir [2ms]
2025-04-08 17:11:18.183 [info] [Model][openRepository] Opened repository: /home/ubuntu/.nvm
2025-04-08 17:11:18.194 [info] > git config --get commit.template [5ms]
2025-04-08 17:11:18.196 [info] > git rev-parse --show-toplevel [2ms]
2025-04-08 17:11:18.196 [info] fatal: not a git repository (or any of the parent directories): .git
2025-04-08 17:11:18.204 [info] > git for-each-ref --format %(refname) %(objectname) %(*objectname) refs/tags [5ms]
2025-04-08 17:11:18.214 [info] > git rev-parse --show-toplevel [11ms]
2025-04-08 17:11:18.214 [info] fatal: not a git repository (or any of the parent directories): .git
2025-04-08 17:11:18.219 [info] > git for-each-ref --sort -committerdate --format %(refname) %(objectname) %(*objectname) [6ms]
2025-04-08 17:11:18.220 [info] > git rev-parse --show-toplevel [2ms]
2025-04-08 17:11:18.220 [info] fatal: not a git repository (or any of the parent directories): .git
2025-04-08 17:11:18.262 [info] > git status -z -uall [54ms]
2025-04-08 17:11:18.286 [info] > git rev-parse --show-toplevel [62ms]
2025-04-08 17:11:18.286 [info] fatal: not a git repository (or any of the parent directories): .git
2025-04-08 17:11:18.296 [info] > git config --get commit.template [6ms]
2025-04-08 17:11:18.297 [info] > git rev-parse --show-toplevel [4ms]
2025-04-08 17:11:18.297 [info] fatal: not a git repository (or any of the parent directories): .git
2025-04-08 17:11:18.307 [info] > git for-each-ref --format %(refname) %(objectname) %(*objectname) refs/tags [6ms]
2025-04-08 17:11:18.316 [info] > git rev-parse --show-toplevel [10ms]
2025-04-08 17:11:18.316 [info] fatal: not a git repository (or any of the parent directories): .git
2025-04-08 17:11:18.320 [info] [Model][doInitialScan] Initial repository scan completed - repositories (1), closed repositories (0), parent repositories (0), unsafe repositories (0)
2025-04-08 17:11:18.321 [info] > git for-each-ref --sort -committerdate --format %(refname) %(objectname) %(*objectname) [7ms]
2025-04-08 17:11:18.355 [info] > git status -z -uall [45ms]
2025-04-08 17:11:18.775 [info] > git rev-parse --show-toplevel [2ms]
2025-04-08 17:11:18.776 [info] fatal: not a git repository (or any of the parent directories): .git
2025-04-08 17:11:18.802 [info] > git check-ignore -v -z --stdin [2ms]
2025-04-08 17:11:18.863 [info] > git rev-parse --show-toplevel [2ms]
2025-04-08 17:12:31.060 [info] > git rev-parse --show-toplevel [2ms]
2025-04-08 17:12:31.060 [info] fatal: not a git repository (or any of the parent directories): .git
2025-04-08 17:13:22.135 [info] > git rev-parse --show-toplevel [5ms]
2025-04-08 17:13:22.135 [info] fatal: not a git repository (or any of the parent directories): .git
2025-04-08 17:13:22.661 [warning] [Model][getRepositoryExact] Failed to get repository realpath for: "/home/ubuntu/.local/share/code-server/extensions/.567be338-d981-4651-b7fd-818b1005b35e/". Error:Error: ENOENT: no such file or directory, realpath '/home/ubuntu/.local/share/code-server/extensions/.567be338-d981-4651-b7fd-818b1005b35e/'
2025-04-08 17:15:10.258 [info] > git rev-parse --show-toplevel [2ms]
2025-04-08 17:15:10.265 [info] > git rev-parse --git-dir --git-common-dir [2ms]
2025-04-08 17:15:10.277 [info] [Model][openRepository] Opened repository: /home/ubuntu/hybrid-platform
2025-04-08 17:15:10.289 [info] [Git][getRemotes] No remotes found in the git config file
2025-04-08 17:15:10.290 [info] > git config --get commit.template [6ms]
2025-04-08 17:15:10.290 [info] > git for-each-ref --format=%(refname)%00%(upstream:short)%00%(objectname)%00%(upstream:track)%00%(upstream:remotename)%00%(upstream:remoteref) refs/heads/master refs/remotes/master [2ms]
2025-04-08 17:15:10.291 [warning] [Git][getBranch] No such branch: master
2025-04-08 17:15:10.300 [info] > git status -z -uall [5ms]
2025-04-08 17:15:10.303 [info] > git for-each-ref --sort -committerdate --format %(refname) %(objectname) %(*objectname) [4ms]
2025-04-08 17:15:10.321 [info] > git for-each-ref --format=%(refname)%00%(upstream:short)%00%(objectname)%00%(upstream:track)%00%(upstream:remotename)%00%(upstream:remoteref) refs/heads/master refs/remotes/master [8ms]
2025-04-08 17:15:10.321 [warning] [Git][getBranch] No such branch: master
2025-04-08 17:15:10.322 [error] [GitHistoryProvider][resolveHEADMergeBase] Failed to resolve merge base for master: Error: No such branch: master.
2025-04-08 17:15:10.323 [info] > git config --get commit.template [2ms]
2025-04-08 17:15:10.329 [info] [Git][getRemotes] No remotes found in the git config file
2025-04-08 17:15:10.330 [info] > git for-each-ref --format=%(refname)%00%(upstream:short)%00%(objectname)%00%(upstream:track)%00%(upstream:remotename)%00%(upstream:remoteref) refs/heads/master refs/remotes/master [2ms]
2025-04-08 17:15:10.331 [warning] [Git][getBranch] No such branch: master
2025-04-08 17:15:10.340 [info] > git status -z -uall [5ms]
2025-04-08 17:15:10.343 [info] > git for-each-ref --sort -committerdate --format %(refname) %(objectname) %(*objectname) [4ms]
2025-04-08 17:15:10.912 [info] > git check-ignore -v -z --stdin [5ms]
2025-04-08 17:15:10.914 [info] > git check-ignore -v -z --stdin [3ms]
2025-04-08 17:15:39.774 [info] > git rev-parse --show-toplevel [2ms]
2025-04-08 17:15:39.774 [info] fatal: not a git repository (or any of the parent directories): .git
2025-04-08 17:23:35.966 [info] > git config --get commit.template [5ms]
2025-04-08 17:23:35.968 [info] > git for-each-ref --format=%(refname)%00%(upstream:short)%00%(objectname)%00%(upstream:track)%00%(upstream:remotename)%00%(upstream:remoteref) refs/heads/master refs/remotes/master [2ms]
2025-04-08 17:23:35.976 [info] > git status -z -uall [4ms]
2025-04-08 17:23:35.978 [info] > git for-each-ref --sort -committerdate --format %(refname) %(objectname) %(*objectname) [3ms]
2025-04-08 17:23:40.996 [info] > git config --get commit.template [5ms]
2025-04-08 17:23:40.997 [info] > git for-each-ref --format=%(refname)%00%(upstream:short)%00%(objectname)%00%(upstream:track)%00%(upstream:remotename)%00%(upstream:remoteref) refs/heads/master refs/remotes/master [3ms]
2025-04-08 17:23:41.006 [info] > git status -z -uall [4ms]
2025-04-08 17:23:41.009 [info] > git for-each-ref --sort -committerdate --format %(refname) %(objectname) %(*objectname) [3ms]
2025-04-08 17:23:42.503 [info] > git rev-parse --show-toplevel [2ms]
2025-04-08 17:23:42.510 [info] > git rev-parse --git-dir --git-common-dir [3ms]
2025-04-08 17:23:42.519 [info] [Model][openRepository] Opened repository: /home/ubuntu
2025-04-08 17:23:42.529 [info] > git config --get commit.template [5ms]
2025-04-08 17:23:42.530 [info] > git for-each-ref --format=%(refname)%00%(upstream:short)%00%(objectname)%00%(upstream:track)%00%(upstream:remotename)%00%(upstream:remoteref) refs/heads/main refs/remotes/main [2ms]
2025-04-08 17:23:42.539 [info] > git for-each-ref --sort -committerdate --format %(refname) %(objectname) %(*objectname) [2ms]
2025-04-08 17:23:42.635 [info] > git status -z -uall [100ms] (cancelled)
2025-04-08 17:23:44.642 [info] > git for-each-ref --format=%(refname)%00%(upstream:short)%00%(objectname)%00%(upstream:track)%00%(upstream:remotename)%00%(upstream:remoteref) refs/heads/main refs/remotes/main [1824ms]
2025-04-08 17:23:44.673 [info] > git config --get --local branch.main.vscode-merge-base [22ms]
2025-04-08 17:23:44.673 [warning] [Git][config] git config failed: Failed to execute git
2025-04-08 17:23:44.681 [info] > git config --get commit.template [42ms]
2025-04-08 17:23:44.695 [info] > git reflog main --grep-reflog=branch: Created from *. [14ms]
2025-04-08 17:23:44.704 [info] > git for-each-ref --format=%(refname)%00%(upstream:short)%00%(objectname)%00%(upstream:track)%00%(upstream:remotename)%00%(upstream:remoteref) refs/heads/main refs/remotes/main [10ms]
2025-04-08 17:23:44.732 [info] > git symbolic-ref --short refs/remotes/origin/HEAD [30ms]
2025-04-08 17:23:44.732 [info] fatal: ref refs/remotes/origin/HEAD is not a symbolic ref
2025-04-08 17:23:44.732 [warning] [Repository][getDefaultBranch] Failed to get default branch details: Failed to execute git.
2025-04-08 17:23:44.743 [info] > git for-each-ref --sort -committerdate --format %(refname) %(objectname) %(*objectname) [13ms]
2025-04-08 17:23:44.804 [info] > git status -z -uall [88ms] (cancelled)
2025-04-08 17:23:46.741 [info] > git check-ignore -v -z --stdin [70ms]
2025-04-08 17:23:46.742 [info] > git check-ignore -v -z --stdin [62ms]
2025-04-08 17:23:46.743 [info] > git check-ignore -v -z --stdin [57ms]
2025-04-08 17:23:46.745 [info] > git config --get commit.template [9ms]
2025-04-08 17:23:46.763 [info] > git for-each-ref --format=%(refname)%00%(upstream:short)%00%(objectname)%00%(upstream:track)%00%(upstream:remotename)%00%(upstream:remoteref) refs/heads/main refs/remotes/main [3ms]
2025-04-08 17:23:46.774 [info] > git status -z -uall [6ms]
2025-04-08 17:23:46.776 [info] > git for-each-ref --sort -committerdate --format %(refname) %(objectname) %(*objectname) [2ms]
2025-04-08 17:23:46.786 [info] > git for-each-ref --format=%(refname)%00%(upstream:short)%00%(objectname)%00%(upstream:track)%00%(upstream:remotename)%00%(upstream:remoteref) refs/heads/main refs/remotes/main [2ms]
2025-04-08 17:23:46.793 [info] > git config --get --local branch.main.vscode-merge-base [3ms]
2025-04-08 17:23:46.793 [warning] [Git][config] git config failed: Failed to execute git
2025-04-08 17:23:46.800 [info] > git reflog main --grep-reflog=branch: Created from *. [3ms]
2025-04-08 17:23:46.806 [info] > git symbolic-ref --short refs/remotes/origin/HEAD [2ms]
2025-04-08 17:23:46.806 [info] fatal: ref refs/remotes/origin/HEAD is not a symbolic ref
2025-04-08 17:23:46.806 [warning] [Repository][getDefaultBranch] Failed to get default branch details: Failed to execute git.
2025-04-08 17:27:20.598 [info] > git for-each-ref --format=%(refname)%00%(upstream:short)%00%(objectname)%00%(upstream:track)%00%(upstream:remotename)%00%(upstream:remoteref) refs/heads/main refs/remotes/main [6ms]
2025-04-08 17:27:20.600 [info] > git config --get commit.template [21ms]
2025-04-08 17:27:20.628 [info] > git for-each-ref --sort -committerdate --format %(refname) %(objectname) %(*objectname) [4ms]
2025-04-08 17:27:20.742 [info] > git status -z -uall [135ms]
2025-04-08 17:27:20.793 [info] > git merge-base refs/heads/main refs/remotes/origin/main [4ms]
2025-04-08 17:27:20.801 [info] > git diff --name-status -z --diff-filter=ADMR 7176b4073a1a6fd07b48b024da6247245f80ebd8...refs/remotes/origin/main [3ms]
2025-04-08 17:27:22.839 [info] > git config --get commit.template [8ms]
2025-04-08 17:27:22.841 [info] > git for-each-ref --format=%(refname)%00%(upstream:short)%00%(objectname)%00%(upstream:track)%00%(upstream:remotename)%00%(upstream:remoteref) refs/heads/main refs/remotes/main [4ms]
2025-04-08 17:27:22.863 [info] > git for-each-ref --sort -committerdate --format %(refname) %(objectname) %(*objectname) [11ms]
2025-04-08 17:27:22.994 [info] > git status -z -uall [148ms]
2025-04-08 17:37:22.841 [info] > git config --get commit.template [8ms]
2025-04-08 17:37:22.841 [info] > git for-each-ref --format=%(refname)%00%(upstream:short)%00%(objectname)%00%(upstream:track)%00%(upstream:remotename)%00%(upstream:remoteref) refs/heads/main refs/remotes/main [3ms]
2025-04-08 17:37:22.856 [info] > git for-each-ref --sort -committerdate --format %(refname) %(objectname) %(*objectname) [3ms]
2025-04-08 17:37:22.967 [info] > git status -z -uall [119ms]
2025-04-08 17:37:27.985 [info] > git config --get commit.template [5ms]
2025-04-08 17:37:27.988 [info] > git for-each-ref --format=%(refname)%00%(upstream:short)%00%(objectname)%00%(upstream:track)%00%(upstream:remotename)%00%(upstream:remoteref) refs/heads/main refs/remotes/main [2ms]
2025-04-08 17:37:28.000 [info] > git for-each-ref --sort -committerdate --format %(refname) %(objectname) %(*objectname) [3ms]
2025-04-08 17:37:28.103 [info] > git status -z -uall [111ms]
2025-04-08 17:37:28.372 [info] > git config --get commit.template [4ms]
2025-04-08 17:37:28.374 [info] > git for-each-ref --format=%(refname)%00%(upstream:short)%00%(objectname)%00%(upstream:track)%00%(upstream:remotename)%00%(upstream:remoteref) refs/heads/main refs/remotes/main [3ms]
2025-04-08 17:37:28.385 [info] > git for-each-ref --sort -committerdate --format %(refname) %(objectname) %(*objectname) [2ms]
2025-04-08 17:37:28.465 [info] > git status -z -uall [87ms]
2025-04-08 17:37:29.489 [info] > git config --get commit.template [6ms]
2025-04-08 17:37:29.498 [info] > git for-each-ref --format %(refname) %(objectname) %(*objectname) refs/tags [5ms]
2025-04-08 17:37:29.506 [info] > git config --get commit.template [18ms]
2025-04-08 17:37:29.507 [info] > git status -z -uall [5ms]
2025-04-08 17:37:29.507 [info] > git for-each-ref --format=%(refname)%00%(upstream:short)%00%(objectname)%00%(upstream:track)%00%(upstream:remotename)%00%(upstream:remoteref) refs/heads/main refs/remotes/main [10ms]
2025-04-08 17:37:29.515 [info] > git status -z -uall [4ms]
2025-04-08 17:37:29.516 [info] > git for-each-ref --sort -committerdate --format %(refname) %(objectname) %(*objectname) [10ms]
2025-04-08 17:37:29.520 [info] > git for-each-ref --sort -committerdate --format %(refname) %(objectname) %(*objectname) [6ms]
2025-04-08 17:37:30.024 [info] > git rev-parse --show-toplevel [2ms]
2025-04-08 17:37:33.117 [info] > git config --get commit.template [5ms]
2025-04-08 17:37:33.120 [info] > git for-each-ref --format=%(refname)%00%(upstream:short)%00%(objectname)%00%(upstream:track)%00%(upstream:remotename)%00%(upstream:remoteref) refs/heads/main refs/remotes/main [3ms]
2025-04-08 17:37:33.131 [info] > git for-each-ref --sort -committerdate --format %(refname) %(objectname) %(*objectname) [3ms]
2025-04-08 17:37:33.210 [info] > git status -z -uall [86ms]
2025-04-08 17:37:34.245 [info] > git config --get commit.template [5ms]
2025-04-08 17:37:34.248 [info] > git for-each-ref --format=%(refname)%00%(upstream:short)%00%(objectname)%00%(upstream:track)%00%(upstream:remotename)%00%(upstream:remoteref) refs/heads/main refs/remotes/main [4ms]
2025-04-08 17:37:34.260 [info] > git for-each-ref --sort -committerdate --format %(refname) %(objectname) %(*objectname) [3ms]
2025-04-08 17:37:34.337 [info] > git status -z -uall [85ms]
2025-04-08 17:37:34.358 [info] > git merge-base refs/heads/main refs/remotes/origin/main [8ms]
2025-04-08 17:37:34.366 [info] > git diff --name-status -z --diff-filter=ADMR 7176b4073a1a6fd07b48b024da6247245f80ebd8...refs/remotes/origin/main [3ms]
2025-04-08 17:37:38.228 [info] > git config --get commit.template [6ms]
2025-04-08 17:37:38.230 [info] > git for-each-ref --format=%(refname)%00%(upstream:short)%00%(objectname)%00%(upstream:track)%00%(upstream:remotename)%00%(upstream:remoteref) refs/heads/main refs/remotes/main [3ms]
2025-04-08 17:37:38.242 [info] > git for-each-ref --sort -committerdate --format %(refname) %(objectname) %(*objectname) [3ms]
2025-04-08 17:37:38.324 [info] > git status -z -uall [89ms]
2025-04-08 17:37:43.343 [info] > git config --get commit.template [6ms]
2025-04-08 17:37:43.344 [info] > git for-each-ref --format=%(refname)%00%(upstream:short)%00%(objectname)%00%(upstream:track)%00%(upstream:remotename)%00%(upstream:remoteref) refs/heads/main refs/remotes/main [4ms]
2025-04-08 17:37:43.356 [info] > git for-each-ref --sort -committerdate --format %(refname) %(objectname) %(*objectname) [3ms]
2025-04-08 17:37:43.434 [info] > git status -z -uall [86ms]
2025-04-08 17:37:48.451 [info] > git config --get commit.template [5ms]
2025-04-08 17:37:48.454 [info] > git for-each-ref --format=%(refname)%00%(upstream:short)%00%(objectname)%00%(upstream:track)%00%(upstream:remotename)%00%(upstream:remoteref) refs/heads/main refs/remotes/main [4ms]
2025-04-08 17:37:48.468 [info] > git for-each-ref --sort -committerdate --format %(refname) %(objectname) %(*objectname) [3ms]
2025-04-08 17:37:48.554 [info] > git status -z -uall [95ms]
2025-04-08 17:38:19.280 [info] > git config --get commit.template [5ms]
2025-04-08 17:38:19.282 [info] > git for-each-ref --format=%(refname)%00%(upstream:short)%00%(objectname)%00%(upstream:track)%00%(upstream:remotename)%00%(upstream:remoteref) refs/heads/main refs/remotes/main [3ms]
2025-04-08 17:38:19.293 [info] > git for-each-ref --sort -committerdate --format %(refname) %(objectname) %(*objectname) [3ms]
2025-04-08 17:38:19.373 [info] > git status -z -uall [86ms]
2025-04-08 17:38:24.390 [info] > git config --get commit.template [5ms]
2025-04-08 17:38:24.393 [info] > git for-each-ref --format=%(refname)%00%(upstream:short)%00%(objectname)%00%(upstream:track)%00%(upstream:remotename)%00%(upstream:remoteref) refs/heads/main refs/remotes/main [3ms]
2025-04-08 17:38:24.404 [info] > git for-each-ref --sort -committerdate --format %(refname) %(objectname) %(*objectname) [3ms]
2025-04-08 17:38:24.488 [info] > git status -z -uall [91ms]
2025-04-08 17:38:29.505 [info] > git config --get commit.template [7ms]
2025-04-08 17:38:29.508 [info] > git for-each-ref --format=%(refname)%00%(upstream:short)%00%(objectname)%00%(upstream:track)%00%(upstream:remotename)%00%(upstream:remoteref) refs/heads/main refs/remotes/main [4ms]
2025-04-08 17:38:29.520 [info] > git for-each-ref --sort -committerdate --format %(refname) %(objectname) %(*objectname) [3ms]
2025-04-08 17:38:29.601 [info] > git status -z -uall [87ms]
2025-04-08 17:38:30.955 [info] > git config --get commit.template [6ms]
2025-04-08 17:38:30.957 [info] > git for-each-ref --format=%(refname)%00%(upstream:short)%00%(objectname)%00%(upstream:track)%00%(upstream:remotename)%00%(upstream:remoteref) refs/heads/main refs/remotes/main [3ms]
2025-04-08 17:38:30.972 [info] > git for-each-ref --sort -committerdate --format %(refname) %(objectname) %(*objectname) [3ms]
2025-04-08 17:38:31.052 [info] > git status -z -uall [88ms]
2025-04-08 17:38:31.063 [info] > git merge-base refs/heads/main refs/remotes/origin/main [3ms]
2025-04-08 17:38:31.071 [info] > git diff --name-status -z --diff-filter=ADMR c42692b8401fd77509270ecddf266a0a2297addd...refs/remotes/origin/main [3ms]
2025-04-08 17:38:49.168 [info] > git config --get commit.template [5ms]
2025-04-08 17:38:49.170 [info] > git for-each-ref --format=%(refname)%00%(upstream:short)%00%(objectname)%00%(upstream:track)%00%(upstream:remotename)%00%(upstream:remoteref) refs/heads/main refs/remotes/main [3ms]
2025-04-08 17:38:49.182 [info] > git for-each-ref --sort -committerdate --format %(refname) %(objectname) %(*objectname) [2ms]
2025-04-08 17:38:49.262 [info] > git status -z -uall [87ms]
2025-04-08 17:38:51.221 [info] > git check-ignore -v -z --stdin [8ms]
2025-04-08 17:38:54.281 [info] > git config --get commit.template [7ms]
2025-04-08 17:38:54.284 [info] > git for-each-ref --format=%(refname)%00%(upstream:short)%00%(objectname)%00%(upstream:track)%00%(upstream:remotename)%00%(upstream:remoteref) refs/heads/main refs/remotes/main [4ms]
2025-04-08 17:38:54.318 [info] > git for-each-ref --sort -committerdate --format %(refname) %(objectname) %(*objectname) [22ms]
2025-04-08 17:38:54.321 [info] > git check-ignore -v -z --stdin [4ms]
2025-04-08 17:38:54.323 [info] > git check-ignore -v -z --stdin [15ms]
2025-04-08 17:38:54.387 [info] > git status -z -uall [97ms]
2025-04-08 17:39:07.239 [info] > git config --get commit.template [5ms]
2025-04-08 17:39:07.241 [info] > git for-each-ref --format=%(refname)%00%(upstream:short)%00%(objectname)%00%(upstream:track)%00%(upstream:remotename)%00%(upstream:remoteref) refs/heads/main refs/remotes/main [3ms]
2025-04-08 17:39:07.252 [info] > git for-each-ref --sort -committerdate --format %(refname) %(objectname) %(*objectname) [3ms]
2025-04-08 17:39:07.330 [info] > git status -z -uall [84ms]
2025-04-08 17:39:12.202 [info] > git show --textconv :.gitconfig [7ms]
2025-04-08 17:39:12.211 [info] > git ls-files --stage -- .gitconfig [11ms]
2025-04-08 17:39:12.219 [info] > git cat-file -s 785b29a20d2e3e980c1855135a7abfa7d9a7d1db [2ms]
2025-04-08 17:39:12.348 [info] > git config --get commit.template [6ms]
2025-04-08 17:39:12.350 [info] > git for-each-ref --format=%(refname)%00%(upstream:short)%00%(objectname)%00%(upstream:track)%00%(upstream:remotename)%00%(upstream:remoteref) refs/heads/main refs/remotes/main [3ms]
2025-04-08 17:39:12.364 [info] > git for-each-ref --sort -committerdate --format %(refname) %(objectname) %(*objectname) [4ms]
2025-04-08 17:39:12.444 [info] > git status -z -uall [88ms]
2025-04-08 17:39:17.458 [info] > git config --get commit.template [5ms]
2025-04-08 17:39:17.460 [info] > git for-each-ref --format=%(refname)%00%(upstream:short)%00%(objectname)%00%(upstream:track)%00%(upstream:remotename)%00%(upstream:remoteref) refs/heads/main refs/remotes/main [3ms]
2025-04-08 17:39:17.472 [info] > git for-each-ref --sort -committerdate --format %(refname) %(objectname) %(*objectname) [4ms]
2025-04-08 17:39:17.553 [info] > git status -z -uall [89ms]
2025-04-08 17:39:22.569 [info] > git config --get commit.template [6ms]
2025-04-08 17:39:22.572 [info] > git for-each-ref --format=%(refname)%00%(upstream:short)%00%(objectname)%00%(upstream:track)%00%(upstream:remotename)%00%(upstream:remoteref) refs/heads/main refs/remotes/main [2ms]
2025-04-08 17:39:22.584 [info] > git for-each-ref --sort -committerdate --format %(refname) %(objectname) %(*objectname) [2ms]
2025-04-08 17:39:22.666 [info] > git status -z -uall [88ms]
2025-04-08 17:39:27.681 [info] > git config --get commit.template [6ms]
2025-04-08 17:39:27.682 [info] > git for-each-ref --format=%(refname)%00%(upstream:short)%00%(objectname)%00%(upstream:track)%00%(upstream:remotename)%00%(upstream:remoteref) refs/heads/main refs/remotes/main [2ms]
2025-04-08 17:39:27.694 [info] > git for-each-ref --sort -committerdate --format %(refname) %(objectname) %(*objectname) [3ms]
2025-04-08 17:39:27.772 [info] > git status -z -uall [84ms]
2025-04-08 17:39:32.793 [info] > git config --get commit.template [8ms]
2025-04-08 17:39:32.797 [info] > git for-each-ref --format=%(refname)%00%(upstream:short)%00%(objectname)%00%(upstream:track)%00%(upstream:remotename)%00%(upstream:remoteref) refs/heads/main refs/remotes/main [4ms]
2025-04-08 17:39:32.811 [info] > git for-each-ref --sort -committerdate --format %(refname) %(objectname) %(*objectname) [3ms]
2025-04-08 17:39:32.922 [info] > git status -z -uall [119ms]
2025-04-08 17:39:37.943 [info] > git config --get commit.template [7ms]
2025-04-08 17:39:37.945 [info] > git for-each-ref --format=%(refname)%00%(upstream:short)%00%(objectname)%00%(upstream:track)%00%(upstream:remotename)%00%(upstream:remoteref) refs/heads/main refs/remotes/main [3ms]
2025-04-08 17:39:37.960 [info] > git for-each-ref --sort -committerdate --format %(refname) %(objectname) %(*objectname) [3ms]
2025-04-08 17:39:38.088 [info] > git status -z -uall [137ms]
2025-04-08 17:40:22.185 [info] > git config --get commit.template [18ms]
2025-04-08 17:40:22.188 [info] > git for-each-ref --format=%(refname)%00%(upstream:short)%00%(objectname)%00%(upstream:track)%00%(upstream:remotename)%00%(upstream:remoteref) refs/heads/main refs/remotes/main [3ms]
2025-04-08 17:40:22.240 [info] > git for-each-ref --sort -committerdate --format %(refname) %(objectname) %(*objectname) [11ms]
2025-04-08 17:40:22.295 [info] > git status -z -uall [93ms]
2025-04-08 17:40:27.312 [info] > git config --get commit.template [6ms]
2025-04-08 17:40:27.315 [info] > git for-each-ref --format=%(refname)%00%(upstream:short)%00%(objectname)%00%(upstream:track)%00%(upstream:remotename)%00%(upstream:remoteref) refs/heads/main refs/remotes/main [3ms]
2025-04-08 17:40:27.329 [info] > git for-each-ref --sort -committerdate --format %(refname) %(objectname) %(*objectname) [3ms]
2025-04-08 17:40:27.412 [info] > git status -z -uall [91ms]
2025-04-08 17:40:31.532 [info] > git config --get commit.template [6ms]
2025-04-08 17:40:31.535 [info] > git for-each-ref --format=%(refname)%00%(upstream:short)%00%(objectname)%00%(upstream:track)%00%(upstream:remotename)%00%(upstream:remoteref) refs/heads/main refs/remotes/main [3ms]
2025-04-08 17:40:31.550 [info] > git for-each-ref --sort -committerdate --format %(refname) %(objectname) %(*objectname) [3ms]
2025-04-08 17:40:31.625 [info] > git status -z -uall [85ms]
2025-04-08 17:40:32.426 [info] > git config --get commit.template [5ms]
2025-04-08 17:40:32.428 [info] > git for-each-ref --format=%(refname)%00%(upstream:short)%00%(objectname)%00%(upstream:track)%00%(upstream:remotename)%00%(upstream:remoteref) refs/heads/main refs/remotes/main [3ms]
2025-04-08 17:40:32.438 [info] > git for-each-ref --sort -committerdate --format %(refname) %(objectname) %(*objectname) [3ms]
2025-04-08 17:40:32.517 [info] > git status -z -uall [85ms]
2025-04-08 17:40:37.530 [info] > git config --get commit.template [4ms]
2025-04-08 17:40:37.532 [info] > git for-each-ref --format=%(refname)%00%(upstream:short)%00%(objectname)%00%(upstream:track)%00%(upstream:remotename)%00%(upstream:remoteref) refs/heads/main refs/remotes/main [2ms]
2025-04-08 17:40:37.543 [info] > git for-each-ref --sort -committerdate --format %(refname) %(objectname) %(*objectname) [3ms]
2025-04-08 17:40:37.619 [info] > git status -z -uall [82ms]
2025-04-08 17:40:38.600 [info] > git ls-files --stage -- .gitconfig [8ms]
2025-04-08 17:40:38.607 [info] > git cat-file -s 785b29a20d2e3e980c1855135a7abfa7d9a7d1db [2ms]
2025-04-08 17:40:38.721 [info] > git show --textconv :.gitconfig [7ms]
2025-04-08 17:40:41.328 [info] > git config --get commit.template [5ms]
2025-04-08 17:40:41.330 [info] > git for-each-ref --format=%(refname)%00%(upstream:short)%00%(objectname)%00%(upstream:track)%00%(upstream:remotename)%00%(upstream:remoteref) refs/heads/main refs/remotes/main [2ms]
2025-04-08 17:40:41.341 [info] > git for-each-ref --sort -committerdate --format %(refname) %(objectname) %(*objectname) [3ms]
2025-04-08 17:40:41.421 [info] > git status -z -uall [86ms]
2025-04-08 17:40:42.633 [info] > git config --get commit.template [5ms]
2025-04-08 17:40:42.635 [info] > git for-each-ref --format=%(refname)%00%(upstream:short)%00%(objectname)%00%(upstream:track)%00%(upstream:remotename)%00%(upstream:remoteref) refs/heads/main refs/remotes/main [2ms]
2025-04-08 17:40:42.646 [info] > git for-each-ref --sort -committerdate --format %(refname) %(objectname) %(*objectname) [2ms]
2025-04-08 17:40:42.723 [info] > git status -z -uall [83ms]
2025-04-08 17:42:25.936 [info] > git config --get commit.template [5ms]
2025-04-08 17:42:25.939 [info] > git for-each-ref --format=%(refname)%00%(upstream:short)%00%(objectname)%00%(upstream:track)%00%(upstream:remotename)%00%(upstream:remoteref) refs/heads/main refs/remotes/main [3ms]
2025-04-08 17:42:25.951 [info] > git for-each-ref --sort -committerdate --format %(refname) %(objectname) %(*objectname) [2ms]
2025-04-08 17:42:26.038 [info] > git status -z -uall [94ms]
2025-04-08 17:42:31.055 [info] > git config --get commit.template [6ms]
2025-04-08 17:42:31.057 [info] > git for-each-ref --format=%(refname)%00%(upstream:short)%00%(objectname)%00%(upstream:track)%00%(upstream:remotename)%00%(upstream:remoteref) refs/heads/main refs/remotes/main [3ms]
2025-04-08 17:42:31.067 [info] > git for-each-ref --sort -committerdate --format %(refname) %(objectname) %(*objectname) [2ms]
2025-04-08 17:42:31.152 [info] > git status -z -uall [91ms]
2025-04-08 17:42:41.295 [info] > git config --get commit.template [5ms]
2025-04-08 17:42:41.298 [info] > git for-each-ref --format=%(refname)%00%(upstream:short)%00%(objectname)%00%(upstream:track)%00%(upstream:remotename)%00%(upstream:remoteref) refs/heads/main refs/remotes/main [3ms]
2025-04-08 17:42:41.309 [info] > git for-each-ref --sort -committerdate --format %(refname) %(objectname) %(*objectname) [2ms]
2025-04-08 17:42:41.399 [info] > git status -z -uall [97ms]
2025-04-08 17:42:46.414 [info] > git config --get commit.template [4ms]
2025-04-08 17:42:46.417 [info] > git for-each-ref --format=%(refname)%00%(upstream:short)%00%(objectname)%00%(upstream:track)%00%(upstream:remotename)%00%(upstream:remoteref) refs/heads/main refs/remotes/main [3ms]
2025-04-08 17:42:46.427 [info] > git for-each-ref --sort -committerdate --format %(refname) %(objectname) %(*objectname) [2ms]
2025-04-08 17:42:46.515 [info] > git status -z -uall [94ms]
2025-04-08 17:42:56.011 [info] > git config --get commit.template [5ms]
2025-04-08 17:42:56.013 [info] > git for-each-ref --format=%(refname)%00%(upstream:short)%00%(objectname)%00%(upstream:track)%00%(upstream:remotename)%00%(upstream:remoteref) refs/heads/main refs/remotes/main [3ms]
2025-04-08 17:42:56.023 [info] > git for-each-ref --sort -committerdate --format %(refname) %(objectname) %(*objectname) [2ms]
2025-04-08 17:42:56.108 [info] > git status -z -uall [90ms]
2025-04-08 17:43:01.124 [info] > git config --get commit.template [8ms]
2025-04-08 17:43:01.126 [info] > git for-each-ref --format=%(refname)%00%(upstream:short)%00%(objectname)%00%(upstream:track)%00%(upstream:remotename)%00%(upstream:remoteref) refs/heads/main refs/remotes/main [2ms]
2025-04-08 17:43:01.139 [info] > git for-each-ref --sort -committerdate --format %(refname) %(objectname) %(*objectname) [3ms]
2025-04-08 17:43:01.231 [info] > git status -z -uall [99ms]
2025-04-08 17:43:01.610 [info] > git config --get commit.template [5ms]
2025-04-08 17:43:01.612 [info] > git for-each-ref --format=%(refname)%00%(upstream:short)%00%(objectname)%00%(upstream:track)%00%(upstream:remotename)%00%(upstream:remoteref) refs/heads/main refs/remotes/main [3ms]
2025-04-08 17:43:01.624 [info] > git for-each-ref --sort -committerdate --format %(refname) %(objectname) %(*objectname) [3ms]
2025-04-08 17:43:01.710 [info] > git status -z -uall [94ms]
2025-04-08 17:43:06.249 [info] > git config --get commit.template [7ms]
2025-04-08 17:43:06.251 [info] > git for-each-ref --format=%(refname)%00%(upstream:short)%00%(objectname)%00%(upstream:track)%00%(upstream:remotename)%00%(upstream:remoteref) refs/heads/main refs/remotes/main [2ms]
2025-04-08 17:43:06.263 [info] > git for-each-ref --sort -committerdate --format %(refname) %(objectname) %(*objectname) [3ms]
2025-04-08 17:43:06.354 [info] > git status -z -uall [97ms]
2025-04-08 17:43:07.449 [info] > git ls-files --stage -- .gitconfig [8ms]
2025-04-08 17:43:07.456 [info] > git cat-file -s 785b29a20d2e3e980c1855135a7abfa7d9a7d1db [3ms]
2025-04-08 17:43:07.573 [info] > git show --textconv :.gitconfig [9ms]
2025-04-08 17:43:40.096 [info] > git config --get commit.template [5ms]
2025-04-08 17:43:40.098 [info] > git for-each-ref --format=%(refname)%00%(upstream:short)%00%(objectname)%00%(upstream:track)%00%(upstream:remotename)%00%(upstream:remoteref) refs/heads/main refs/remotes/main [2ms]
2025-04-08 17:43:40.109 [info] > git for-each-ref --sort -committerdate --format %(refname) %(objectname) %(*objectname) [3ms]
2025-04-08 17:43:40.206 [info] > git status -z -uall [104ms]
2025-04-08 17:43:48.798 [info] > git config --get commit.template [8ms]
2025-04-08 17:43:48.801 [info] > git for-each-ref --format=%(refname)%00%(upstream:short)%00%(objectname)%00%(upstream:track)%00%(upstream:remotename)%00%(upstream:remoteref) refs/heads/main refs/remotes/main [5ms]
2025-04-08 17:43:48.817 [info] > git for-each-ref --sort -committerdate --format %(refname) %(objectname) %(*objectname) [4ms]
2025-04-08 17:43:48.940 [info] > git status -z -uall [132ms]
2025-04-08 17:44:01.943 [info] > git config --get commit.template [7ms]
2025-04-08 17:44:01.946 [info] > git for-each-ref --format=%(refname)%00%(upstream:short)%00%(objectname)%00%(upstream:track)%00%(upstream:remotename)%00%(upstream:remoteref) refs/heads/main refs/remotes/main [3ms]
2025-04-08 17:44:01.960 [info] > git for-each-ref --sort -committerdate --format %(refname) %(objectname) %(*objectname) [3ms]
2025-04-08 17:44:02.050 [info] > git status -z -uall [97ms]
2025-04-08 17:44:24.510 [info] > git config --get commit.template [2ms]
2025-04-08 17:44:24.517 [info] > git for-each-ref --format=%(refname)%00%(upstream:short)%00%(objectname)%00%(upstream:track)%00%(upstream:remotename)%00%(upstream:remoteref) refs/heads/main refs/remotes/main [2ms]
2025-04-08 17:44:24.527 [info] > git for-each-ref --sort -committerdate --format %(refname) %(objectname) %(*objectname) [2ms]
2025-04-08 17:44:24.619 [info] > git status -z -uall [98ms]
2025-04-08 17:44:25.954 [info] > git config --get commit.template [5ms]
2025-04-08 17:44:25.956 [info] > git for-each-ref --format=%(refname)%00%(upstream:short)%00%(objectname)%00%(upstream:track)%00%(upstream:remotename)%00%(upstream:remoteref) refs/heads/main refs/remotes/main [3ms]
2025-04-08 17:44:25.966 [info] > git for-each-ref --sort -committerdate --format %(refname) %(objectname) %(*objectname) [3ms]
2025-04-08 17:44:26.045 [info] > git status -z -uall [85ms]
2025-04-08 17:44:29.000 [info] > git ls-files --stage -- .gitconfig [8ms]
2025-04-08 17:44:29.006 [info] > git cat-file -s 785b29a20d2e3e980c1855135a7abfa7d9a7d1db [2ms]
2025-04-08 17:44:29.119 [info] > git show --textconv :.gitconfig [7ms]
2025-04-08 17:44:29.634 [info] > git config --get commit.template [6ms]
2025-04-08 17:44:29.636 [info] > git for-each-ref --format=%(refname)%00%(upstream:short)%00%(objectname)%00%(upstream:track)%00%(upstream:remotename)%00%(upstream:remoteref) refs/heads/main refs/remotes/main [2ms]
2025-04-08 17:44:29.646 [info] > git for-each-ref --sort -committerdate --format %(refname) %(objectname) %(*objectname) [2ms]
2025-04-08 17:44:29.729 [info] > git status -z -uall [88ms]
2025-04-08 17:44:30.692 [info] > git config --get commit.template [5ms]
2025-04-08 17:44:30.694 [info] > git for-each-ref --format=%(refname)%00%(upstream:short)%00%(objectname)%00%(upstream:track)%00%(upstream:remotename)%00%(upstream:remoteref) refs/heads/main refs/remotes/main [3ms]
2025-04-08 17:44:30.705 [info] > git for-each-ref --sort -committerdate --format %(refname) %(objectname) %(*objectname) [2ms]
2025-04-08 17:44:30.780 [info] > git status -z -uall [81ms]
2025-04-08 17:44:35.889 [info] > git config --get commit.template [5ms]
2025-04-08 17:44:35.891 [info] > git for-each-ref --format=%(refname)%00%(upstream:short)%00%(objectname)%00%(upstream:track)%00%(upstream:remotename)%00%(upstream:remoteref) refs/heads/main refs/remotes/main [2ms]
2025-04-08 17:44:35.903 [info] > git for-each-ref --sort -committerdate --format %(refname) %(objectname) %(*objectname) [4ms]
2025-04-08 17:44:35.978 [info] > git status -z -uall [83ms]
2025-04-08 17:44:35.999 [info] > git ls-files --stage -- .gitconfig [9ms]
2025-04-08 17:44:36.005 [info] > git cat-file -s 785b29a20d2e3e980c1855135a7abfa7d9a7d1db [2ms]
2025-04-08 17:44:36.118 [info] > git show --textconv :.gitconfig [8ms]
2025-04-08 17:44:38.526 [info] > git ls-files --stage -- .gitconfig [9ms]
2025-04-08 17:44:38.532 [info] > git cat-file -s 785b29a20d2e3e980c1855135a7abfa7d9a7d1db [2ms]
2025-04-08 17:44:38.647 [info] > git show --textconv :.gitconfig [10ms]
2025-04-08 17:44:40.993 [info] > git config --get commit.template [5ms]
2025-04-08 17:44:40.995 [info] > git for-each-ref --format=%(refname)%00%(upstream:short)%00%(objectname)%00%(upstream:track)%00%(upstream:remotename)%00%(upstream:remoteref) refs/heads/main refs/remotes/main [3ms]
2025-04-08 17:44:41.005 [info] > git for-each-ref --sort -committerdate --format %(refname) %(objectname) %(*objectname) [3ms]
2025-04-08 17:44:41.077 [info] > git status -z -uall [78ms]
2025-04-08 17:45:18.586 [info] > git config --get commit.template [5ms]
2025-04-08 17:45:18.588 [info] > git for-each-ref --format=%(refname)%00%(upstream:short)%00%(objectname)%00%(upstream:track)%00%(upstream:remotename)%00%(upstream:remoteref) refs/heads/main refs/remotes/main [2ms]
2025-04-08 17:45:18.600 [info] > git for-each-ref --sort -committerdate --format %(refname) %(objectname) %(*objectname) [3ms]
2025-04-08 17:45:18.692 [info] > git status -z -uall [98ms]
2025-04-08 17:45:23.713 [info] > git config --get commit.template [7ms]
2025-04-08 17:45:23.715 [info] > git for-each-ref --format=%(refname)%00%(upstream:short)%00%(objectname)%00%(upstream:track)%00%(upstream:remotename)%00%(upstream:remoteref) refs/heads/main refs/remotes/main [3ms]
2025-04-08 17:45:23.734 [info] > git for-each-ref --sort -committerdate --format %(refname) %(objectname) %(*objectname) [2ms]
2025-04-08 17:45:23.837 [info] > git status -z -uall [112ms]
2025-04-08 17:45:27.405 [info] > git ls-files --stage -- .gitconfig [9ms]
2025-04-08 17:45:27.413 [info] > git cat-file -s 785b29a20d2e3e980c1855135a7abfa7d9a7d1db [3ms]
2025-04-08 17:45:27.528 [info] > git show --textconv :.gitconfig [8ms]
2025-04-08 17:45:28.856 [info] > git config --get commit.template [7ms]
2025-04-08 17:45:28.858 [info] > git for-each-ref --format=%(refname)%00%(upstream:short)%00%(objectname)%00%(upstream:track)%00%(upstream:remotename)%00%(upstream:remoteref) refs/heads/main refs/remotes/main [3ms]
2025-04-08 17:45:28.872 [info] > git for-each-ref --sort -committerdate --format %(refname) %(objectname) %(*objectname) [3ms]
2025-04-08 17:45:28.966 [info] > git status -z -uall [103ms]
2025-04-08 17:45:33.853 [info] > git config --get commit.template [6ms]
2025-04-08 17:45:33.855 [info] > git for-each-ref --format=%(refname)%00%(upstream:short)%00%(objectname)%00%(upstream:track)%00%(upstream:remotename)%00%(upstream:remoteref) refs/heads/main refs/remotes/main [3ms]
2025-04-08 17:45:33.868 [info] > git for-each-ref --sort -committerdate --format %(refname) %(objectname) %(*objectname) [3ms]
2025-04-08 17:45:33.947 [info] > git status -z -uall [86ms]
2025-04-08 17:45:33.980 [info] > git config --get commit.template [5ms]
2025-04-08 17:45:33.982 [info] > git for-each-ref --format=%(refname)%00%(upstream:short)%00%(objectname)%00%(upstream:track)%00%(upstream:remotename)%00%(upstream:remoteref) refs/heads/main refs/remotes/main [3ms]
2025-04-08 17:45:33.993 [info] > git for-each-ref --sort -committerdate --format %(refname) %(objectname) %(*objectname) [3ms]
2025-04-08 17:45:34.076 [info] > git status -z -uall [90ms]
2025-04-08 17:45:35.174 [info] > git ls-files --stage -- .gitconfig [8ms]
2025-04-08 17:45:35.181 [info] > git cat-file -s 785b29a20d2e3e980c1855135a7abfa7d9a7d1db [2ms]
2025-04-08 17:45:35.296 [info] > git show --textconv :.gitconfig [7ms]
2025-04-08 17:45:39.091 [info] > git config --get commit.template [5ms]
2025-04-08 17:45:39.093 [info] > git for-each-ref --format=%(refname)%00%(upstream:short)%00%(objectname)%00%(upstream:track)%00%(upstream:remotename)%00%(upstream:remoteref) refs/heads/main refs/remotes/main [2ms]
2025-04-08 17:45:39.105 [info] > git for-each-ref --sort -committerdate --format %(refname) %(objectname) %(*objectname) [3ms]
2025-04-08 17:45:39.189 [info] > git status -z -uall [92ms]
2025-04-08 17:45:44.202 [info] > git config --get commit.template [3ms]
2025-04-08 17:45:44.210 [info] > git for-each-ref --format=%(refname)%00%(upstream:short)%00%(objectname)%00%(upstream:track)%00%(upstream:remotename)%00%(upstream:remoteref) refs/heads/main refs/remotes/main [3ms]
2025-04-08 17:45:44.223 [info] > git for-each-ref --sort -committerdate --format %(refname) %(objectname) %(*objectname) [2ms]
2025-04-08 17:45:44.305 [info] > git status -z -uall [89ms]
2025-04-08 17:46:03.646 [info] > git config --get commit.template [6ms]
2025-04-08 17:46:03.648 [info] > git for-each-ref --format=%(refname)%00%(upstream:short)%00%(objectname)%00%(upstream:track)%00%(upstream:remotename)%00%(upstream:remoteref) refs/heads/main refs/remotes/main [3ms]
2025-04-08 17:46:03.662 [info] > git for-each-ref --sort -committerdate --format %(refname) %(objectname) %(*objectname) [4ms]
2025-04-08 17:46:03.755 [info] > git status -z -uall [101ms]
2025-04-08 17:46:11.359 [info] > git config --get commit.template [6ms]
2025-04-08 17:46:11.361 [info] > git for-each-ref --format=%(refname)%00%(upstream:short)%00%(objectname)%00%(upstream:track)%00%(upstream:remotename)%00%(upstream:remoteref) refs/heads/main refs/remotes/main [3ms]
2025-04-08 17:46:11.377 [info] > git for-each-ref --sort -committerdate --format %(refname) %(objectname) %(*objectname) [3ms]
2025-04-08 17:46:11.458 [info] > git status -z -uall [90ms]
2025-04-08 17:46:12.529 [info] > git config --get commit.template [7ms]
2025-04-08 17:46:12.531 [info] > git for-each-ref --format=%(refname)%00%(upstream:short)%00%(objectname)%00%(upstream:track)%00%(upstream:remotename)%00%(upstream:remoteref) refs/heads/main refs/remotes/main [3ms]
2025-04-08 17:46:12.544 [info] > git for-each-ref --sort -committerdate --format %(refname) %(objectname) %(*objectname) [3ms]
2025-04-08 17:46:12.633 [info] > git status -z -uall [97ms]
2025-04-08 17:46:16.227 [info] > git config --get commit.template [7ms]
2025-04-08 17:46:16.231 [info] > git for-each-ref --format=%(refname)%00%(upstream:short)%00%(objectname)%00%(upstream:track)%00%(upstream:remotename)%00%(upstream:remoteref) refs/heads/main refs/remotes/main [5ms]
2025-04-08 17:46:16.246 [info] > git for-each-ref --sort -committerdate --format %(refname) %(objectname) %(*objectname) [3ms]
2025-04-08 17:46:16.325 [info] > git status -z -uall [89ms]
2025-04-08 17:46:16.340 [info] > git merge-base refs/heads/main refs/remotes/origin/main [4ms]
2025-04-08 17:46:16.348 [info] > git diff --name-status -z --diff-filter=ADMR c42692b8401fd77509270ecddf266a0a2297addd...refs/remotes/origin/main [3ms]
2025-04-08 17:46:16.476 [info] > git config --get commit.template [6ms]
2025-04-08 17:46:16.479 [info] > git for-each-ref --format=%(refname)%00%(upstream:short)%00%(objectname)%00%(upstream:track)%00%(upstream:remotename)%00%(upstream:remoteref) refs/heads/main refs/remotes/main [4ms]
2025-04-08 17:46:16.495 [info] > git for-each-ref --sort -committerdate --format %(refname) %(objectname) %(*objectname) [5ms]
2025-04-08 17:46:16.570 [info] > git status -z -uall [85ms]
2025-04-08 17:46:19.276 [info] > git ls-files --stage -- .gitconfig [10ms]
2025-04-08 17:46:19.287 [info] > git cat-file -s 785b29a20d2e3e980c1855135a7abfa7d9a7d1db [3ms]
2025-04-08 17:46:19.404 [info] > git show --textconv :.gitconfig [8ms]
2025-04-08 17:46:21.586 [info] > git config --get commit.template [6ms]
2025-04-08 17:46:21.588 [info] > git for-each-ref --format=%(refname)%00%(upstream:short)%00%(objectname)%00%(upstream:track)%00%(upstream:remotename)%00%(upstream:remoteref) refs/heads/main refs/remotes/main [3ms]
2025-04-08 17:46:21.600 [info] > git for-each-ref --sort -committerdate --format %(refname) %(objectname) %(*objectname) [4ms]
2025-04-08 17:46:21.679 [info] > git status -z -uall [87ms]
2025-04-08 17:46:21.698 [info] > git merge-base refs/heads/main refs/remotes/origin/main [8ms]
2025-04-08 17:46:21.704 [info] > git config --get commit.template [8ms]
2025-04-08 17:46:21.708 [info] > git diff --name-status -z --diff-filter=ADMR 9a9a4e0e56607722623de66797e1b22b0f4d4423...refs/remotes/origin/main [5ms]
2025-04-08 17:46:21.711 [info] > git for-each-ref --format=%(refname)%00%(upstream:short)%00%(objectname)%00%(upstream:track)%00%(upstream:remotename)%00%(upstream:remoteref) refs/heads/main refs/remotes/main [2ms]
2025-04-08 17:46:21.722 [info] > git for-each-ref --sort -committerdate --format %(refname) %(objectname) %(*objectname) [3ms]
2025-04-08 17:46:21.795 [info] > git status -z -uall [80ms]
2025-04-08 17:46:23.070 [info] > git ls-files --stage -- .gitconfig [8ms]
2025-04-08 17:46:23.077 [info] > git cat-file -s 785b29a20d2e3e980c1855135a7abfa7d9a7d1db [3ms]
2025-04-08 17:46:23.190 [info] > git show --textconv :.gitconfig [8ms]
2025-04-08 17:46:35.535 [info] > git config --get commit.template [5ms]
2025-04-08 17:46:35.537 [info] > git for-each-ref --format=%(refname)%00%(upstream:short)%00%(objectname)%00%(upstream:track)%00%(upstream:remotename)%00%(upstream:remoteref) refs/heads/main refs/remotes/main [3ms]
2025-04-08 17:46:35.547 [info] > git for-each-ref --sort -committerdate --format %(refname) %(objectname) %(*objectname) [3ms]
2025-04-08 17:46:35.629 [info] > git status -z -uall [88ms]
