2025-04-08 17:11:18.669 [info] Reading sessions from keychain...
2025-04-08 17:11:18.669 [info] Getting sessions for all scopes...
2025-04-08 17:11:18.669 [info] Getting sessions for all scopes...
2025-04-08 17:11:18.669 [info] Got 0 sessions for ...
2025-04-08 17:11:18.669 [info] Got 0 sessions for ...
2025-04-08 17:11:18.774 [info] Getting sessions for read:user,repo,user:email,workflow...
2025-04-08 17:11:18.774 [info] Getting sessions for all scopes...
2025-04-08 17:11:18.774 [info] Got 0 sessions for read:user,repo,user:email,workflow...
2025-04-08 17:11:18.774 [info] Got 0 sessions for ...
2025-04-08 17:23:42.325 [info] Getting sessions for read:user,repo,user:email,workflow...
2025-04-08 17:23:42.325 [info] Got 0 sessions for read:user,repo,user:email,workflow...
2025-04-08 17:23:44.772 [info] Logging in with 'any' account...
2025-04-08 17:23:44.772 [info] Logging in for the following scopes: read:user repo user:email workflow
2025-04-08 17:23:47.256 [info] Trying device code flow... (read:user repo user:email workflow)
2025-04-08 17:25:16.623 [info] Getting user info...
2025-04-08 17:25:17.036 [info] Got account info!
2025-04-08 17:25:17.038 [info] Storing 1 sessions...
2025-04-08 17:25:17.146 [info] Reading sessions from keychain...
2025-04-08 17:25:17.146 [info] Stored 1 sessions!
2025-04-08 17:25:17.147 [info] Login success!
2025-04-08 17:25:17.254 [info] Got stored sessions!
2025-04-08 17:25:17.343 [info] Got 1 verified sessions.
2025-04-08 17:25:18.802 [info] Getting sessions for read:user,repo,user:email,workflow...
2025-04-08 17:25:18.802 [info] Got 1 sessions for read:user,repo,user:email,workflow...
2025-04-08 17:26:36.486 [info] Getting sessions for read:user,repo,user:email,workflow...
2025-04-08 17:26:36.486 [info] Got 1 sessions for read:user,repo,user:email,workflow...
